<?xml version="1.0" encoding="UTF-8"?>
<!-- Generated by org.testng.reporters.JUnitXMLReporter -->
<testsuite ignored="0" hostname="LAPTOP-3CF81NRV" failures="0" tests="3" name="Default test" time="33.805" errors="0" timestamp="2021-07-01T17:52:35 IST">
  <testcase classname="com.crm.qa.testcases.NewContactsPageTest" name="validateCreateNewContact" time="4.119"/>
  <testcase classname="com.crm.qa.testcases.NewContactsPageTest" name="validateCreateNewContact" time="3.807"/>
  <testcase classname="com.crm.qa.testcases.NewContactsPageTest" name="validateCreateNewContact" time="3.812"/>
</testsuite> <!-- Default test -->
