<?xml version="1.0" encoding="UTF-8"?>
<!-- Generated by org.testng.reporters.JUnitXMLReporter -->
<testsuite ignored="0" hostname="LAPTOP-3CF81NRV" failures="0" tests="3" name="Default test" time="37.022" errors="0" timestamp="2021-06-26T19:36:04 IST">
  <testcase classname="com.crm.qa.testcases.NewContactsPageTest" name="validateCreateNewContact" time="5.723"/>
  <testcase classname="com.crm.qa.testcases.NewContactsPageTest" name="validateCreateNewContact" time="5.665"/>
  <testcase classname="com.crm.qa.testcases.NewContactsPageTest" name="validateCreateNewContact" time="5.17"/>
</testsuite> <!-- Default test -->
