<?xml version="1.0" encoding="UTF-8"?>
<!-- Generated by org.testng.reporters.JUnitXMLReporter -->
<testsuite ignored="1" hostname="LAPTOP-3CF81NRV" failures="0" tests="2" name="Test" time="18.857" errors="0" timestamp="2021-06-29T17:03:34 IST">
  <testcase classname="com.crm.qa.testcases.HomePageTest" name="HomePageTitleTest" time="0.019"/>
  <testcase classname="com.crm.qa.testcases.HomePageTest" name="verifyContactsLinkTest" time="2.127"/>
  <testcase classname="com.crm.qa.testcases.HomePageTest" name="verifyUserNameTest" time="0.0">
    <ignored/>
  </testcase> <!-- verifyUserNameTest -->
</testsuite> <!-- Test -->
