<?xml version="1.0" encoding="UTF-8"?>
<testng-results ignored="1" total="3" passed="2" failed="0" skipped="0">
  <reporter-output>
  </reporter-output>
  <suite started-at="2021-06-29T17:03:15 IST" name="Suite" finished-at="2021-06-29T17:03:34 IST" duration-ms="18857">
    <groups>
    </groups>
    <test started-at="2021-06-29T17:03:15 IST" name="Test" finished-at="2021-06-29T17:03:34 IST" duration-ms="18857">
      <class name="com.crm.qa.testcases.HomePageTest">
        <test-method is-config="true" signature="setUp()[pri:0, instance:com.crm.qa.testcases.HomePageTest@214b199c]" started-at="2021-06-29T17:03:15 IST" name="setUp" finished-at="2021-06-29T17:03:31 IST" duration-ms="15947" status="PASS">
          <reporter-output>
          </reporter-output>
        </test-method> <!-- setUp -->
        <test-method signature="HomePageTitleTest()[pri:1, instance:com.crm.qa.testcases.HomePageTest@214b199c]" started-at="2021-06-29T17:03:31 IST" name="HomePageTitleTest" finished-at="2021-06-29T17:03:31 IST" duration-ms="19" status="PASS">
          <reporter-output>
          </reporter-output>
        </test-method> <!-- HomePageTitleTest -->
        <test-method signature="verifyContactsLinkTest()[pri:3, instance:com.crm.qa.testcases.HomePageTest@214b199c]" started-at="2021-06-29T17:03:31 IST" name="verifyContactsLinkTest" finished-at="2021-06-29T17:03:33 IST" duration-ms="2127" status="PASS">
          <reporter-output>
          </reporter-output>
        </test-method> <!-- verifyContactsLinkTest -->
        <test-method is-config="true" signature="tearDown()[pri:0, instance:com.crm.qa.testcases.HomePageTest@214b199c]" started-at="2021-06-29T17:03:33 IST" name="tearDown" finished-at="2021-06-29T17:03:34 IST" duration-ms="711" status="PASS">
          <reporter-output>
          </reporter-output>
        </test-method> <!-- tearDown -->
      </class> <!-- com.crm.qa.testcases.HomePageTest -->
    </test> <!-- Test -->
  </suite> <!-- Suite -->
</testng-results>
