<?xml version="1.0" encoding="UTF-8"?>
<testng-results ignored="0" total="3" passed="3" failed="0" skipped="0">
  <reporter-output>
  </reporter-output>
  <suite started-at="2021-07-01T17:52:01 IST" name="Default suite" finished-at="2021-07-01T17:52:35 IST" duration-ms="33805">
    <groups>
    </groups>
    <test started-at="2021-07-01T17:52:01 IST" name="Default test" finished-at="2021-07-01T17:52:35 IST" duration-ms="33805">
      <class name="com.crm.qa.testcases.NewContactsPageTest">
        <test-method is-config="true" signature="setUp()[pri:0, instance:com.crm.qa.testcases.NewContactsPageTest@1e802ef9]" started-at="2021-07-01T17:52:01 IST" name="setUp" finished-at="2021-07-01T17:52:22 IST" duration-ms="20756" status="PASS">
          <reporter-output>
          </reporter-output>
        </test-method> <!-- setUp -->
        <test-method signature="validateCreateNewContact(java.lang.String, java.lang.String, java.lang.String, java.lang.String)[pri:1, instance:com.crm.qa.testcases.NewContactsPageTest@1e802ef9]" started-at="2021-07-01T17:52:23 IST" name="validateCreateNewContact" data-provider="getCRMTestData" finished-at="2021-07-01T17:52:27 IST" duration-ms="4119" status="PASS">
          <params>
            <param index="0">
              <value>
                <![CDATA[Mr.]]>
              </value>
            </param>
            <param index="1">
              <value>
                <![CDATA[Tom]]>
              </value>
            </param>
            <param index="2">
              <value>
                <![CDATA[Peter]]>
              </value>
            </param>
            <param index="3">
              <value>
                <![CDATA[Google]]>
              </value>
            </param>
          </params>
          <reporter-output>
          </reporter-output>
        </test-method> <!-- validateCreateNewContact -->
        <test-method signature="validateCreateNewContact(java.lang.String, java.lang.String, java.lang.String, java.lang.String)[pri:1, instance:com.crm.qa.testcases.NewContactsPageTest@1e802ef9]" started-at="2021-07-01T17:52:27 IST" name="validateCreateNewContact" data-provider="getCRMTestData" finished-at="2021-07-01T17:52:31 IST" duration-ms="3807" status="PASS">
          <params>
            <param index="0">
              <value>
                <![CDATA[Dr.]]>
              </value>
            </param>
            <param index="1">
              <value>
                <![CDATA[David]]>
              </value>
            </param>
            <param index="2">
              <value>
                <![CDATA[Cris]]>
              </value>
            </param>
            <param index="3">
              <value>
                <![CDATA[Amazon]]>
              </value>
            </param>
          </params>
          <reporter-output>
          </reporter-output>
        </test-method> <!-- validateCreateNewContact -->
        <test-method signature="validateCreateNewContact(java.lang.String, java.lang.String, java.lang.String, java.lang.String)[pri:1, instance:com.crm.qa.testcases.NewContactsPageTest@1e802ef9]" started-at="2021-07-01T17:52:31 IST" name="validateCreateNewContact" data-provider="getCRMTestData" finished-at="2021-07-01T17:52:34 IST" duration-ms="3812" status="PASS">
          <params>
            <param index="0">
              <value>
                <![CDATA[Mrs.]]>
              </value>
            </param>
            <param index="1">
              <value>
                <![CDATA[Mukta]]>
              </value>
            </param>
            <param index="2">
              <value>
                <![CDATA[Sharma]]>
              </value>
            </param>
            <param index="3">
              <value>
                <![CDATA[Ebay]]>
              </value>
            </param>
          </params>
          <reporter-output>
          </reporter-output>
        </test-method> <!-- validateCreateNewContact -->
        <test-method is-config="true" signature="tearDown()[pri:0, instance:com.crm.qa.testcases.NewContactsPageTest@1e802ef9]" started-at="2021-07-01T17:52:34 IST" name="tearDown" finished-at="2021-07-01T17:52:35 IST" duration-ms="716" status="PASS">
          <reporter-output>
          </reporter-output>
        </test-method> <!-- tearDown -->
      </class> <!-- com.crm.qa.testcases.NewContactsPageTest -->
    </test> <!-- Default test -->
  </suite> <!-- Default suite -->
</testng-results>
